21:58:16.717 [main] INFO  factory.BaseClass - Website is opened
21:58:16.748 [main] INFO  factory.BaseClass - **************Select Bangalore city and Search Hospitals**************
21:58:30.824 [main] INFO  factory.BaseClass - Taking screenshot
21:58:30.824 [main] INFO  factory.BaseClass - **************Validate Bangalore city hospitals are displayed**************
21:58:31.099 [main] INFO  factory.BaseClass - Taking screenshot
21:58:31.101 [main] INFO  factory.BaseClass - **************Locate all day opened hospitals element**************
21:58:36.472 [main] INFO  factory.BaseClass - Taking screenshot
21:58:36.473 [main] INFO  factory.BaseClass - **************Validate all day hospitals opened**************
21:58:36.656 [main] INFO  factory.BaseClass - Taking screenshot
21:58:36.657 [main] INFO  factory.BaseClass - **************Get the rating of more than three hospitals**************
21:58:39.353 [main] INFO  factory.BaseClass - Taking screenshot
21:58:39.353 [main] INFO  factory.BaseClass - **************Validate the hospitals more then three of rating**************
21:58:39.519 [main] INFO  factory.BaseClass - Taking screenshot
21:58:39.520 [main] INFO  factory.BaseClass - **************Get the top city hospitals**************
21:58:39.726 [main] INFO  factory.BaseClass - Taking screenshot
21:58:39.727 [main] INFO  factory.BaseClass - **************Validate top city hospitals**************
21:58:39.890 [main] INFO  factory.BaseClass - Taking screenshot
21:59:02.169 [main] INFO  factory.BaseClass - Website is opened
21:59:02.171 [main] INFO  factory.BaseClass - **************Click on Corporate Wellness Form**************
21:59:12.375 [main] INFO  factory.BaseClass - Taking screenshot
21:59:12.375 [main] INFO  factory.BaseClass - **************Enter the name**************
21:59:12.636 [main] INFO  factory.BaseClass - Taking screenshot
21:59:12.637 [main] INFO  factory.BaseClass - **************Enter the Organization name**************
21:59:12.869 [main] INFO  factory.BaseClass - Taking screenshot
21:59:12.870 [main] INFO  factory.BaseClass - **************selects the organization size**************
21:59:13.122 [main] INFO  factory.BaseClass - Taking screenshot
21:59:13.122 [main] INFO  factory.BaseClass - **************select the Interested in option**************
21:59:13.399 [main] INFO  factory.BaseClass - Taking screenshot
21:59:13.400 [main] INFO  factory.BaseClass - **************user enter the contact number**************
21:59:13.675 [main] INFO  factory.BaseClass - Taking screenshot
21:59:13.676 [main] INFO  factory.BaseClass - **************user enter the email id **************
21:59:13.941 [main] INFO  factory.BaseClass - Taking screenshot
21:59:13.942 [main] INFO  factory.BaseClass - **************Login button should be Disabeld**************
21:59:14.151 [main] INFO  factory.BaseClass - Taking screenshot
21:59:45.689 [main] INFO  factory.BaseClass - Website is opened
21:59:45.690 [main] INFO  factory.BaseClass - **************Click on Corporate Wellness Form**************
22:00:11.018 [main] INFO  factory.BaseClass - Taking screenshot
22:00:11.018 [main] INFO  factory.BaseClass - **************Enter the name**************
22:00:11.255 [main] INFO  factory.BaseClass - Taking screenshot
22:00:11.256 [main] INFO  factory.BaseClass - **************Enter the Organization name**************
22:00:11.493 [main] INFO  factory.BaseClass - Taking screenshot
22:00:11.493 [main] INFO  factory.BaseClass - **************selects the organization size**************
22:00:11.729 [main] INFO  factory.BaseClass - Taking screenshot
22:00:11.730 [main] INFO  factory.BaseClass - **************select the Interested in option**************
22:00:12.018 [main] INFO  factory.BaseClass - Taking screenshot
22:00:12.019 [main] INFO  factory.BaseClass - **************user enter the contact number**************
22:00:12.314 [main] INFO  factory.BaseClass - Taking screenshot
22:00:12.314 [main] INFO  factory.BaseClass - **************user enter the email id **************
22:00:12.642 [main] INFO  factory.BaseClass - Taking screenshot
22:00:12.642 [main] INFO  factory.BaseClass - **************Login button should be Disabeld**************
22:00:12.870 [main] INFO  factory.BaseClass - Taking screenshot
22:00:44.531 [main] INFO  factory.BaseClass - Website is opened
22:00:44.532 [main] INFO  factory.BaseClass - **************Click on Corporate Wellness Form**************
22:00:48.905 [main] INFO  factory.BaseClass - Taking screenshot
22:00:48.905 [main] INFO  factory.BaseClass - **************Enter the name**************
22:00:49.139 [main] INFO  factory.BaseClass - Taking screenshot
22:00:49.139 [main] INFO  factory.BaseClass - **************Enter the Organization name**************
22:00:49.363 [main] INFO  factory.BaseClass - Taking screenshot
22:00:49.363 [main] INFO  factory.BaseClass - **************selects the organization size**************
22:00:49.613 [main] INFO  factory.BaseClass - Taking screenshot
22:00:49.614 [main] INFO  factory.BaseClass - **************select the Interested in option**************
22:00:49.883 [main] INFO  factory.BaseClass - Taking screenshot
22:00:49.883 [main] INFO  factory.BaseClass - **************user enter the contact number**************
22:00:50.166 [main] INFO  factory.BaseClass - Taking screenshot
22:00:50.167 [main] INFO  factory.BaseClass - **************user enter the email id **************
22:00:50.427 [main] INFO  factory.BaseClass - Taking screenshot
22:00:50.428 [main] INFO  factory.BaseClass - **************Login button should be Disabeld**************
22:00:50.654 [main] INFO  factory.BaseClass - Taking screenshot
22:00:59.855 [main] INFO  factory.BaseClass - Website is opened
22:00:59.856 [main] INFO  factory.BaseClass - **************Click on Corporate Wellness Form**************
22:01:54.348 [main] INFO  factory.BaseClass - Taking screenshot
22:01:54.349 [main] INFO  factory.BaseClass - **************Enter the name**************
22:01:54.614 [main] INFO  factory.BaseClass - Taking screenshot
22:01:54.614 [main] INFO  factory.BaseClass - **************Enter the Organization name**************
22:01:54.852 [main] INFO  factory.BaseClass - Taking screenshot
22:01:54.852 [main] INFO  factory.BaseClass - **************selects the organization size**************
22:01:55.109 [main] INFO  factory.BaseClass - Taking screenshot
22:01:55.110 [main] INFO  factory.BaseClass - **************select the Interested in option**************
22:01:55.394 [main] INFO  factory.BaseClass - Taking screenshot
22:01:55.394 [main] INFO  factory.BaseClass - **************user enter the contact number**************
22:01:55.688 [main] INFO  factory.BaseClass - Taking screenshot
22:01:55.688 [main] INFO  factory.BaseClass - **************user enter the email id **************
22:01:55.972 [main] INFO  factory.BaseClass - Taking screenshot
22:01:55.972 [main] INFO  factory.BaseClass - **************Login button should be enabeld**************
22:04:06.907 [main] INFO  factory.BaseClass - Website is opened
22:04:06.954 [main] INFO  factory.BaseClass - **************Click on Corporate Wellness Form**************
22:04:10.911 [main] INFO  factory.BaseClass - Taking screenshot
22:04:10.913 [main] INFO  factory.BaseClass - **************Enter the name**************
22:04:11.586 [main] INFO  factory.BaseClass - Taking screenshot
22:04:11.587 [main] INFO  factory.BaseClass - **************Enter the Organization name**************
22:04:11.845 [main] INFO  factory.BaseClass - Taking screenshot
22:04:11.848 [main] INFO  factory.BaseClass - **************selects the organization size**************
22:04:12.131 [main] INFO  factory.BaseClass - Taking screenshot
22:04:12.132 [main] INFO  factory.BaseClass - **************select the Interested in option**************
22:04:12.452 [main] INFO  factory.BaseClass - Taking screenshot
22:04:12.453 [main] INFO  factory.BaseClass - **************user enter the contact number**************
22:04:12.728 [main] INFO  factory.BaseClass - Taking screenshot
22:04:12.728 [main] INFO  factory.BaseClass - **************user enter the email id **************
22:04:12.996 [main] INFO  factory.BaseClass - Taking screenshot
22:04:12.997 [main] INFO  factory.BaseClass - **************Login button should be Disabeld**************
22:04:13.229 [main] INFO  factory.BaseClass - Taking screenshot
22:04:22.186 [main] INFO  factory.BaseClass - Website is opened
22:04:22.188 [main] INFO  factory.BaseClass - **************Click on Corporate Wellness Form**************
22:04:26.055 [main] INFO  factory.BaseClass - Taking screenshot
22:04:26.056 [main] INFO  factory.BaseClass - **************Enter the name**************
22:04:26.402 [main] INFO  factory.BaseClass - Taking screenshot
22:04:26.403 [main] INFO  factory.BaseClass - **************Enter the Organization name**************
22:04:26.676 [main] INFO  factory.BaseClass - Taking screenshot
22:04:26.676 [main] INFO  factory.BaseClass - **************selects the organization size**************
22:04:27.034 [main] INFO  factory.BaseClass - Taking screenshot
22:04:27.034 [main] INFO  factory.BaseClass - **************select the Interested in option**************
22:04:27.374 [main] INFO  factory.BaseClass - Taking screenshot
22:04:27.374 [main] INFO  factory.BaseClass - **************user enter the contact number**************
22:04:27.706 [main] INFO  factory.BaseClass - Taking screenshot
22:04:27.706 [main] INFO  factory.BaseClass - **************user enter the email id **************
22:04:28.070 [main] INFO  factory.BaseClass - Taking screenshot
22:04:28.070 [main] INFO  factory.BaseClass - **************Login button should be Disabeld**************
22:04:28.367 [main] INFO  factory.BaseClass - Taking screenshot
22:05:00.009 [main] INFO  factory.BaseClass - Website is opened
22:05:00.011 [main] INFO  factory.BaseClass - **************Click on Corporate Wellness Form**************
22:05:03.535 [main] INFO  factory.BaseClass - Taking screenshot
22:05:03.536 [main] INFO  factory.BaseClass - **************Enter the name**************
22:05:03.813 [main] INFO  factory.BaseClass - Taking screenshot
22:05:03.814 [main] INFO  factory.BaseClass - **************Enter the Organization name**************
22:05:04.061 [main] INFO  factory.BaseClass - Taking screenshot
22:05:04.061 [main] INFO  factory.BaseClass - **************selects the organization size**************
22:05:04.371 [main] INFO  factory.BaseClass - Taking screenshot
22:05:04.373 [main] INFO  factory.BaseClass - **************select the Interested in option**************
22:05:04.786 [main] INFO  factory.BaseClass - Taking screenshot
22:05:04.786 [main] INFO  factory.BaseClass - **************user enter the contact number**************
22:05:05.074 [main] INFO  factory.BaseClass - Taking screenshot
22:05:05.074 [main] INFO  factory.BaseClass - **************user enter the email id **************
22:05:05.366 [main] INFO  factory.BaseClass - Taking screenshot
22:05:05.367 [main] INFO  factory.BaseClass - **************Login button should be Disabeld**************
22:05:05.614 [main] INFO  factory.BaseClass - Taking screenshot
22:05:13.758 [main] INFO  factory.BaseClass - Website is opened
22:05:13.759 [main] INFO  factory.BaseClass - **************Click on Corporate Wellness Form**************
22:05:17.251 [main] INFO  factory.BaseClass - Taking screenshot
22:05:17.251 [main] INFO  factory.BaseClass - **************Enter the name**************
22:05:17.556 [main] INFO  factory.BaseClass - Taking screenshot
22:05:17.556 [main] INFO  factory.BaseClass - **************Enter the Organization name**************
22:05:17.823 [main] INFO  factory.BaseClass - Taking screenshot
22:05:17.823 [main] INFO  factory.BaseClass - **************selects the organization size**************
22:05:18.114 [main] INFO  factory.BaseClass - Taking screenshot
22:05:18.114 [main] INFO  factory.BaseClass - **************select the Interested in option**************
22:05:18.440 [main] INFO  factory.BaseClass - Taking screenshot
22:05:18.441 [main] INFO  factory.BaseClass - **************user enter the contact number**************
22:05:18.767 [main] INFO  factory.BaseClass - Taking screenshot
22:05:18.768 [main] INFO  factory.BaseClass - **************user enter the email id **************
22:05:19.144 [main] INFO  factory.BaseClass - Taking screenshot
22:05:19.145 [main] INFO  factory.BaseClass - **************Login button should be enabeld**************
22:05:55.094 [main] INFO  factory.BaseClass - Taking screenshot
22:07:55.632 [main] INFO  factory.BaseClass - Website is opened
22:07:55.685 [main] INFO  factory.BaseClass - **************Click on Corporate Wellness Form**************
22:08:09.257 [main] INFO  factory.BaseClass - Taking screenshot
22:08:09.260 [main] INFO  factory.BaseClass - **************Enter the name**************
22:08:09.981 [main] INFO  factory.BaseClass - Taking screenshot
22:08:09.981 [main] INFO  factory.BaseClass - **************Enter the Organization name**************
22:08:10.230 [main] INFO  factory.BaseClass - Taking screenshot
22:08:10.231 [main] INFO  factory.BaseClass - **************selects the organization size**************
22:08:10.528 [main] INFO  factory.BaseClass - Taking screenshot
22:08:10.529 [main] INFO  factory.BaseClass - **************select the Interested in option**************
22:08:10.803 [main] INFO  factory.BaseClass - Taking screenshot
22:08:10.805 [main] INFO  factory.BaseClass - **************user enter the contact number**************
22:08:11.092 [main] INFO  factory.BaseClass - Taking screenshot
22:08:11.092 [main] INFO  factory.BaseClass - **************user enter the email id **************
22:08:11.406 [main] INFO  factory.BaseClass - Taking screenshot
22:08:11.407 [main] INFO  factory.BaseClass - **************Login button should be enabeld**************
22:08:36.717 [main] INFO  factory.BaseClass - Taking screenshot
09:25:00.849 [main] INFO  factory.BaseClass - Website is opened
09:25:00.878 [main] INFO  factory.BaseClass - **************Click on Corporate Wellness Form**************
09:26:00.417 [main] INFO  factory.BaseClass - Taking screenshot
09:26:00.417 [main] INFO  factory.BaseClass - **************Enter the name**************
09:26:01.525 [main] INFO  factory.BaseClass - Taking screenshot
09:26:01.526 [main] INFO  factory.BaseClass - **************Enter the Organization name**************
09:26:01.875 [main] INFO  factory.BaseClass - Taking screenshot
09:26:01.877 [main] INFO  factory.BaseClass - **************selects the organization size**************
09:26:02.261 [main] INFO  factory.BaseClass - Taking screenshot
09:26:02.262 [main] INFO  factory.BaseClass - **************select the Interested in option**************
09:26:02.718 [main] INFO  factory.BaseClass - Taking screenshot
09:26:02.721 [main] INFO  factory.BaseClass - **************user enter the contact number**************
09:26:03.112 [main] INFO  factory.BaseClass - Taking screenshot
09:26:03.113 [main] INFO  factory.BaseClass - **************user enter the email id **************
09:26:03.519 [main] INFO  factory.BaseClass - Taking screenshot
09:26:03.521 [main] INFO  factory.BaseClass - **************Login button should be Disabeld**************
09:26:03.848 [main] INFO  factory.BaseClass - Taking screenshot
09:26:42.778 [main] INFO  factory.BaseClass - Website is opened
09:26:42.780 [main] INFO  factory.BaseClass - **************Click on Corporate Wellness Form**************
09:27:14.627 [main] INFO  factory.BaseClass - Taking screenshot
09:27:14.627 [main] INFO  factory.BaseClass - **************Enter the name**************
09:27:15.030 [main] INFO  factory.BaseClass - Taking screenshot
09:27:15.031 [main] INFO  factory.BaseClass - **************Enter the Organization name**************
09:27:15.394 [main] INFO  factory.BaseClass - Taking screenshot
09:27:15.394 [main] INFO  factory.BaseClass - **************selects the organization size**************
09:27:15.827 [main] INFO  factory.BaseClass - Taking screenshot
09:27:15.828 [main] INFO  factory.BaseClass - **************select the Interested in option**************
09:27:16.203 [main] INFO  factory.BaseClass - Taking screenshot
09:27:16.204 [main] INFO  factory.BaseClass - **************user enter the contact number**************
09:27:16.581 [main] INFO  factory.BaseClass - Taking screenshot
09:27:16.581 [main] INFO  factory.BaseClass - **************user enter the email id **************
09:27:16.988 [main] INFO  factory.BaseClass - Taking screenshot
09:27:16.990 [main] INFO  factory.BaseClass - **************Login button should be Disabeld**************
09:27:17.260 [main] INFO  factory.BaseClass - Taking screenshot
09:27:54.508 [main] INFO  factory.BaseClass - Website is opened
09:27:54.509 [main] INFO  factory.BaseClass - **************Click on Corporate Wellness Form**************
09:28:26.471 [main] INFO  factory.BaseClass - Taking screenshot
09:28:26.472 [main] INFO  factory.BaseClass - **************Enter the name**************
09:28:26.865 [main] INFO  factory.BaseClass - Taking screenshot
09:28:26.865 [main] INFO  factory.BaseClass - **************Enter the Organization name**************
09:28:27.238 [main] INFO  factory.BaseClass - Taking screenshot
09:28:27.239 [main] INFO  factory.BaseClass - **************selects the organization size**************
09:28:27.638 [main] INFO  factory.BaseClass - Taking screenshot
09:28:27.639 [main] INFO  factory.BaseClass - **************select the Interested in option**************
09:28:28.019 [main] INFO  factory.BaseClass - Taking screenshot
09:28:28.019 [main] INFO  factory.BaseClass - **************user enter the contact number**************
09:28:28.387 [main] INFO  factory.BaseClass - Taking screenshot
09:28:28.388 [main] INFO  factory.BaseClass - **************user enter the email id **************
09:28:28.733 [main] INFO  factory.BaseClass - Taking screenshot
09:28:28.733 [main] INFO  factory.BaseClass - **************Login button should be Disabeld**************
09:28:29.006 [main] INFO  factory.BaseClass - Taking screenshot
09:28:36.183 [main] INFO  factory.BaseClass - Website is opened
09:28:36.185 [main] INFO  factory.BaseClass - **************Click on Corporate Wellness Form**************
09:29:08.236 [main] INFO  factory.BaseClass - Taking screenshot
09:29:08.237 [main] INFO  factory.BaseClass - **************Enter the name**************
09:29:08.636 [main] INFO  factory.BaseClass - Taking screenshot
09:29:08.636 [main] INFO  factory.BaseClass - **************Enter the Organization name**************
09:29:08.960 [main] INFO  factory.BaseClass - Taking screenshot
09:29:08.960 [main] INFO  factory.BaseClass - **************selects the organization size**************
09:29:09.298 [main] INFO  factory.BaseClass - Taking screenshot
09:29:09.299 [main] INFO  factory.BaseClass - **************select the Interested in option**************
09:29:09.686 [main] INFO  factory.BaseClass - Taking screenshot
09:29:09.687 [main] INFO  factory.BaseClass - **************user enter the contact number**************
09:29:10.036 [main] INFO  factory.BaseClass - Taking screenshot
09:29:10.037 [main] INFO  factory.BaseClass - **************user enter the email id **************
09:29:10.462 [main] INFO  factory.BaseClass - Taking screenshot
09:29:10.464 [main] INFO  factory.BaseClass - **************Login button should be enabeld**************
09:29:16.123 [main] INFO  factory.BaseClass - Taking screenshot
09:30:22.946 [main] INFO  factory.BaseClass - Website is opened
09:30:23.034 [main] INFO  factory.BaseClass - **************Click on Corporate Wellness Form**************
09:30:55.152 [main] INFO  factory.BaseClass - Taking screenshot
09:30:55.155 [main] INFO  factory.BaseClass - **************Enter the name**************
09:30:56.062 [main] INFO  factory.BaseClass - Taking screenshot
09:30:56.063 [main] INFO  factory.BaseClass - **************Enter the Organization name**************
09:30:56.387 [main] INFO  factory.BaseClass - Taking screenshot
09:30:56.389 [main] INFO  factory.BaseClass - **************selects the organization size**************
09:30:56.775 [main] INFO  factory.BaseClass - Taking screenshot
09:30:56.775 [main] INFO  factory.BaseClass - **************select the Interested in option**************
09:30:57.190 [main] INFO  factory.BaseClass - Taking screenshot
09:30:57.192 [main] INFO  factory.BaseClass - **************user enter the contact number**************
09:30:57.575 [main] INFO  factory.BaseClass - Taking screenshot
09:30:57.576 [main] INFO  factory.BaseClass - **************user enter the email id **************
09:30:57.967 [main] INFO  factory.BaseClass - Taking screenshot
09:30:57.969 [main] INFO  factory.BaseClass - **************Login button should be Disabeld**************
09:30:58.304 [main] INFO  factory.BaseClass - Taking screenshot
09:31:35.672 [main] INFO  factory.BaseClass - Website is opened
09:31:35.675 [main] INFO  factory.BaseClass - **************Click on Corporate Wellness Form**************
09:32:07.568 [main] INFO  factory.BaseClass - Taking screenshot
09:32:07.569 [main] INFO  factory.BaseClass - **************Enter the name**************
09:32:07.956 [main] INFO  factory.BaseClass - Taking screenshot
09:32:07.957 [main] INFO  factory.BaseClass - **************Enter the Organization name**************
09:32:08.286 [main] INFO  factory.BaseClass - Taking screenshot
09:32:08.287 [main] INFO  factory.BaseClass - **************selects the organization size**************
09:32:08.674 [main] INFO  factory.BaseClass - Taking screenshot
09:32:08.675 [main] INFO  factory.BaseClass - **************select the Interested in option**************
09:32:09.060 [main] INFO  factory.BaseClass - Taking screenshot
09:32:09.060 [main] INFO  factory.BaseClass - **************user enter the contact number**************
09:32:09.424 [main] INFO  factory.BaseClass - Taking screenshot
09:32:09.424 [main] INFO  factory.BaseClass - **************user enter the email id **************
09:32:09.826 [main] INFO  factory.BaseClass - Taking screenshot
09:32:09.827 [main] INFO  factory.BaseClass - **************Login button should be Disabeld**************
09:32:10.090 [main] INFO  factory.BaseClass - Taking screenshot
09:32:47.105 [main] INFO  factory.BaseClass - Website is opened
09:32:47.107 [main] INFO  factory.BaseClass - **************Click on Corporate Wellness Form**************
09:33:19.122 [main] INFO  factory.BaseClass - Taking screenshot
09:33:19.123 [main] INFO  factory.BaseClass - **************Enter the name**************
09:33:19.566 [main] INFO  factory.BaseClass - Taking screenshot
09:33:19.566 [main] INFO  factory.BaseClass - **************Enter the Organization name**************
09:33:19.968 [main] INFO  factory.BaseClass - Taking screenshot
09:33:19.969 [main] INFO  factory.BaseClass - **************selects the organization size**************
09:33:20.366 [main] INFO  factory.BaseClass - Taking screenshot
09:33:20.367 [main] INFO  factory.BaseClass - **************select the Interested in option**************
09:33:20.770 [main] INFO  factory.BaseClass - Taking screenshot
09:33:20.771 [main] INFO  factory.BaseClass - **************user enter the contact number**************
09:33:21.131 [main] INFO  factory.BaseClass - Taking screenshot
09:33:21.131 [main] INFO  factory.BaseClass - **************user enter the email id **************
09:33:21.507 [main] INFO  factory.BaseClass - Taking screenshot
09:33:21.507 [main] INFO  factory.BaseClass - **************Login button should be Disabeld**************
09:33:21.781 [main] INFO  factory.BaseClass - Taking screenshot
09:33:59.282 [main] INFO  factory.BaseClass - Website is opened
09:33:59.283 [main] INFO  factory.BaseClass - **************Click on Corporate Wellness Form**************
09:34:31.208 [main] INFO  factory.BaseClass - Taking screenshot
09:34:31.210 [main] INFO  factory.BaseClass - **************Enter the name**************
09:34:31.584 [main] INFO  factory.BaseClass - Taking screenshot
09:34:31.585 [main] INFO  factory.BaseClass - **************Enter the Organization name**************
09:34:31.922 [main] INFO  factory.BaseClass - Taking screenshot
09:34:31.922 [main] INFO  factory.BaseClass - **************selects the organization size**************
09:34:32.314 [main] INFO  factory.BaseClass - Taking screenshot
09:34:32.314 [main] INFO  factory.BaseClass - **************select the Interested in option**************
09:34:32.712 [main] INFO  factory.BaseClass - Taking screenshot
09:34:32.713 [main] INFO  factory.BaseClass - **************user enter the contact number**************
09:34:33.051 [main] INFO  factory.BaseClass - Taking screenshot
09:34:33.051 [main] INFO  factory.BaseClass - **************user enter the email id **************
09:34:33.472 [main] INFO  factory.BaseClass - Taking screenshot
09:34:33.474 [main] INFO  factory.BaseClass - **************Login button should be enabeld**************
09:35:09.490 [main] INFO  factory.BaseClass - Taking screenshot
09:38:56.277 [main] INFO  factory.BaseClass - Website is opened
09:38:56.365 [main] INFO  factory.BaseClass - **************Click on Corporate Wellness Form**************
09:39:28.406 [main] INFO  factory.BaseClass - Taking screenshot
09:39:28.409 [main] INFO  factory.BaseClass - **************Enter the name**************
09:39:29.374 [main] INFO  factory.BaseClass - Taking screenshot
09:39:29.375 [main] INFO  factory.BaseClass - **************Enter the Organization name**************
09:39:29.709 [main] INFO  factory.BaseClass - Taking screenshot
09:39:29.711 [main] INFO  factory.BaseClass - **************selects the organization size**************
09:39:30.092 [main] INFO  factory.BaseClass - Taking screenshot
09:39:30.093 [main] INFO  factory.BaseClass - **************select the Interested in option**************
09:39:30.495 [main] INFO  factory.BaseClass - Taking screenshot
09:39:30.496 [main] INFO  factory.BaseClass - **************user enter the contact number**************
09:39:30.895 [main] INFO  factory.BaseClass - Taking screenshot
09:39:30.895 [main] INFO  factory.BaseClass - **************user enter the email id **************
09:39:31.312 [main] INFO  factory.BaseClass - Taking screenshot
09:39:31.313 [main] INFO  factory.BaseClass - **************Login button should be enabeld**************
09:40:03.796 [main] INFO  factory.BaseClass - Taking screenshot
09:41:32.536 [main] INFO  factory.BaseClass - Website is opened
09:41:32.577 [main] INFO  factory.BaseClass - **************Click on Corporate Wellness Form**************
09:42:04.717 [main] INFO  factory.BaseClass - Taking screenshot
09:42:04.720 [main] INFO  factory.BaseClass - **************Enter the name**************
09:42:05.597 [main] INFO  factory.BaseClass - Taking screenshot
09:42:05.598 [main] INFO  factory.BaseClass - **************Enter the Organization name**************
09:42:05.933 [main] INFO  factory.BaseClass - Taking screenshot
09:42:05.935 [main] INFO  factory.BaseClass - **************selects the organization size**************
09:42:06.279 [main] INFO  factory.BaseClass - Taking screenshot
09:42:06.280 [main] INFO  factory.BaseClass - **************select the Interested in option**************
09:42:06.680 [main] INFO  factory.BaseClass - Taking screenshot
09:42:06.682 [main] INFO  factory.BaseClass - **************user enter the contact number**************
09:42:07.086 [main] INFO  factory.BaseClass - Taking screenshot
09:42:07.087 [main] INFO  factory.BaseClass - **************user enter the email id **************
09:42:07.545 [main] INFO  factory.BaseClass - Taking screenshot
09:42:07.546 [main] INFO  factory.BaseClass - **************Login button should be enabeld**************
09:42:43.528 [main] INFO  factory.BaseClass - Taking screenshot
09:43:44.816 [main] INFO  factory.BaseClass - Website is opened
09:43:44.844 [main] INFO  factory.BaseClass - **************Click on Corporate Wellness Form**************
09:44:16.945 [main] INFO  factory.BaseClass - Taking screenshot
09:44:16.947 [main] INFO  factory.BaseClass - **************Enter the name**************
09:44:17.844 [main] INFO  factory.BaseClass - Taking screenshot
09:44:17.845 [main] INFO  factory.BaseClass - **************Enter the Organization name**************
09:44:18.172 [main] INFO  factory.BaseClass - Taking screenshot
09:44:18.174 [main] INFO  factory.BaseClass - **************selects the organization size**************
09:44:18.541 [main] INFO  factory.BaseClass - Taking screenshot
09:44:18.542 [main] INFO  factory.BaseClass - **************select the Interested in option**************
09:44:18.933 [main] INFO  factory.BaseClass - Taking screenshot
09:44:18.935 [main] INFO  factory.BaseClass - **************user enter the contact number**************
09:44:19.302 [main] INFO  factory.BaseClass - Taking screenshot
09:44:19.303 [main] INFO  factory.BaseClass - **************user enter the email id **************
09:44:19.686 [main] INFO  factory.BaseClass - Taking screenshot
09:44:19.689 [main] INFO  factory.BaseClass - **************Login button should be enabeld**************
09:44:39.741 [main] INFO  factory.BaseClass - Taking screenshot
10:25:37.796 [main] INFO  factory.BaseClass - Website is opened
10:25:37.858 [main] INFO  factory.BaseClass - ***************Locate the Practo Logo Element*************
10:25:38.196 [main] INFO  factory.BaseClass - Taking screenshot
10:25:38.199 [main] INFO  factory.BaseClass - ***************Validate the Practo Logo is present*************
10:25:38.199 [main] INFO  factory.BaseClass - ***************Locate the Practo Logo Element*************
10:25:39.965 [main] INFO  factory.BaseClass - Taking screenshot
10:25:39.966 [main] INFO  factory.BaseClass - ***************Locate the Login button Element*************
10:25:40.224 [main] INFO  factory.BaseClass - Taking screenshot
10:25:40.225 [main] INFO  factory.BaseClass - ***************Validate the Login button is present*************
10:25:40.225 [main] INFO  factory.BaseClass - ***************Locate the Login button Element*************
10:25:40.559 [main] INFO  factory.BaseClass - Taking screenshot
10:25:40.560 [main] INFO  factory.BaseClass - ***************Locate the Download Element*************
10:25:40.804 [main] INFO  factory.BaseClass - Taking screenshot
10:25:40.805 [main] INFO  factory.BaseClass - **************Validate the download is present**************
10:25:40.805 [main] INFO  factory.BaseClass - ***************Locate the Download Element*************
10:25:41.182 [main] INFO  factory.BaseClass - Taking screenshot
10:26:19.143 [main] INFO  factory.BaseClass - Website is opened
10:26:19.152 [main] INFO  factory.BaseClass - ***************Navigate to Find Doctors page*************
10:26:50.923 [main] INFO  factory.BaseClass - Taking screenshot
10:26:50.925 [main] INFO  factory.BaseClass - ***************Send the value to searchbox*************
10:27:27.198 [main] INFO  factory.BaseClass - Taking screenshot
10:27:27.199 [main] INFO  factory.BaseClass - ***************Validate the Doctors Name*************
10:27:30.228 [main] INFO  factory.BaseClass - Taking screenshot
10:27:30.229 [main] INFO  factory.BaseClass - ***************Valiadate the Book Free option*************
10:27:30.588 [main] INFO  factory.BaseClass - Taking screenshot
10:28:09.565 [main] INFO  factory.BaseClass - Website is opened
10:28:09.567 [main] INFO  factory.BaseClass - ***************Navigate to video Consult page*************
10:28:10.963 [main] INFO  factory.BaseClass - Taking screenshot
10:28:10.964 [main] INFO  factory.BaseClass - ***************Locate the video consult element*************
10:28:11.249 [main] INFO  factory.BaseClass - Taking screenshot
10:28:11.250 [main] INFO  factory.BaseClass - ***************Validate Consult Now button is present*************
10:28:11.250 [main] INFO  factory.BaseClass - ***************Locate the video consult element*************
10:28:11.624 [main] INFO  factory.BaseClass - Taking screenshot
10:28:11.624 [main] INFO  factory.BaseClass - ***************Get all specialities datas*************
10:28:12.870 [main] INFO  factory.BaseClass - Taking screenshot
10:28:12.870 [main] INFO  factory.BaseClass - ***************Validate specialities availability*************
10:28:13.282 [main] INFO  factory.BaseClass - Taking screenshot
10:28:13.283 [main] INFO  factory.BaseClass - ***************Get all Common Health Concern datas and price*************
10:28:13.813 [main] INFO  factory.BaseClass - Taking screenshot
10:28:13.813 [main] INFO  factory.BaseClass - ***************Validate CommonHealthConcern availability*************
10:28:14.169 [main] INFO  factory.BaseClass - Taking screenshot
10:28:14.170 [main] INFO  factory.BaseClass - ***************Get all Offer details*************
10:28:14.511 [main] INFO  factory.BaseClass - Taking screenshot
10:28:14.512 [main] INFO  factory.BaseClass - ***************Validate Consult Offers availability*************
10:28:14.920 [main] INFO  factory.BaseClass - Taking screenshot
10:28:53.194 [main] INFO  factory.BaseClass - Website is opened
10:28:53.197 [main] INFO  factory.BaseClass - ***************Navigate to Surgeries Page*************
10:28:54.847 [main] INFO  factory.BaseClass - Taking screenshot
10:28:54.848 [main] INFO  factory.BaseClass - ***************Get PractoCare Phone number*************
10:28:55.416 [main] INFO  factory.BaseClass - Taking screenshot
10:28:55.416 [main] INFO  factory.BaseClass - ***************Validate the Phone number*************
10:28:55.417 [main] INFO  factory.BaseClass - ***************Get PractoCare Phone number*************
10:28:55.946 [main] INFO  factory.BaseClass - Taking screenshot
10:28:55.947 [main] INFO  factory.BaseClass - ***************Get Popular Surgeries data*************
10:28:59.756 [main] INFO  factory.BaseClass - Taking screenshot
10:28:59.757 [main] INFO  factory.BaseClass - **************Validate the Popular Surgeries**************
10:29:00.088 [main] INFO  factory.BaseClass - Taking screenshot
10:29:00.090 [main] INFO  factory.BaseClass - **************Get Our Departments data**************
10:29:00.481 [main] INFO  factory.BaseClass - Taking screenshot
10:29:00.482 [main] INFO  factory.BaseClass - **************Valiadate the Our Departments**************
10:29:00.762 [main] INFO  factory.BaseClass - Taking screenshot
10:29:00.763 [main] INFO  factory.BaseClass - **************Get the PractoCare Benifits Data**************
10:29:01.057 [main] INFO  factory.BaseClass - Taking screenshot
10:29:01.058 [main] INFO  factory.BaseClass - **************Validate PractoCare Data availability**************
10:29:01.330 [main] INFO  factory.BaseClass - Taking screenshot
10:29:40.360 [main] INFO  factory.BaseClass - Website is opened
10:29:40.388 [main] INFO  factory.BaseClass - **************Select Bangalore city and Search Hospitals**************
10:29:49.882 [main] INFO  factory.BaseClass - Taking screenshot
10:29:49.883 [main] INFO  factory.BaseClass - **************Validate Bangalore city hospitals are displayed**************
10:29:50.088 [main] INFO  factory.BaseClass - Taking screenshot
10:29:50.089 [main] INFO  factory.BaseClass - **************Locate all day opened hospitals element**************
10:29:55.723 [main] INFO  factory.BaseClass - Taking screenshot
10:29:55.723 [main] INFO  factory.BaseClass - **************Validate all day hospitals opened**************
10:29:55.931 [main] INFO  factory.BaseClass - Taking screenshot
10:29:55.932 [main] INFO  factory.BaseClass - **************Get the rating of more than three hospitals**************
10:29:59.335 [main] INFO  factory.BaseClass - Taking screenshot
10:29:59.335 [main] INFO  factory.BaseClass - **************Validate the hospitals more then three of rating**************
10:29:59.584 [main] INFO  factory.BaseClass - Taking screenshot
10:29:59.585 [main] INFO  factory.BaseClass - **************Get the top city hospitals**************
10:29:59.907 [main] INFO  factory.BaseClass - Taking screenshot
10:29:59.908 [main] INFO  factory.BaseClass - **************Validate top city hospitals**************
10:30:00.129 [main] INFO  factory.BaseClass - Taking screenshot
10:30:09.667 [main] INFO  factory.BaseClass - Website is opened
10:30:09.668 [main] INFO  factory.BaseClass - **************Click on Corporate Wellness Form**************
10:30:41.785 [main] INFO  factory.BaseClass - Taking screenshot
10:30:41.785 [main] INFO  factory.BaseClass - **************Enter the name**************
10:30:42.175 [main] INFO  factory.BaseClass - Taking screenshot
10:30:42.176 [main] INFO  factory.BaseClass - **************Enter the Organization name**************
10:30:42.508 [main] INFO  factory.BaseClass - Taking screenshot
10:30:42.509 [main] INFO  factory.BaseClass - **************selects the organization size**************
10:30:42.933 [main] INFO  factory.BaseClass - Taking screenshot
10:30:42.934 [main] INFO  factory.BaseClass - **************select the Interested in option**************
10:30:43.459 [main] INFO  factory.BaseClass - Taking screenshot
10:30:43.460 [main] INFO  factory.BaseClass - **************user enter the contact number**************
10:30:43.860 [main] INFO  factory.BaseClass - Taking screenshot
10:30:43.861 [main] INFO  factory.BaseClass - **************user enter the email id **************
10:30:44.310 [main] INFO  factory.BaseClass - Taking screenshot
10:30:44.312 [main] INFO  factory.BaseClass - **************Login button should be Disabeld**************
10:30:44.609 [main] INFO  factory.BaseClass - Taking screenshot
10:31:23.107 [main] INFO  factory.BaseClass - Website is opened
10:31:23.108 [main] INFO  factory.BaseClass - **************Click on Corporate Wellness Form**************
10:31:55.769 [main] INFO  factory.BaseClass - Taking screenshot
10:31:55.770 [main] INFO  factory.BaseClass - **************Enter the name**************
10:31:56.153 [main] INFO  factory.BaseClass - Taking screenshot
10:31:56.153 [main] INFO  factory.BaseClass - **************Enter the Organization name**************
10:31:56.554 [main] INFO  factory.BaseClass - Taking screenshot
10:31:56.555 [main] INFO  factory.BaseClass - **************selects the organization size**************
10:31:56.987 [main] INFO  factory.BaseClass - Taking screenshot
10:31:56.988 [main] INFO  factory.BaseClass - **************select the Interested in option**************
10:31:57.524 [main] INFO  factory.BaseClass - Taking screenshot
10:31:57.524 [main] INFO  factory.BaseClass - **************user enter the contact number**************
10:31:57.931 [main] INFO  factory.BaseClass - Taking screenshot
10:31:57.931 [main] INFO  factory.BaseClass - **************user enter the email id **************
10:31:58.464 [main] INFO  factory.BaseClass - Taking screenshot
10:31:58.464 [main] INFO  factory.BaseClass - **************Login button should be Disabeld**************
10:31:58.775 [main] INFO  factory.BaseClass - Taking screenshot
10:32:07.057 [main] INFO  factory.BaseClass - Website is opened
10:32:07.058 [main] INFO  factory.BaseClass - **************Click on Corporate Wellness Form**************
10:32:38.887 [main] INFO  factory.BaseClass - Taking screenshot
10:32:38.887 [main] INFO  factory.BaseClass - **************Enter the name**************
10:32:39.226 [main] INFO  factory.BaseClass - Taking screenshot
10:32:39.227 [main] INFO  factory.BaseClass - **************Enter the Organization name**************
10:32:39.549 [main] INFO  factory.BaseClass - Taking screenshot
10:32:39.550 [main] INFO  factory.BaseClass - **************selects the organization size**************
10:32:39.891 [main] INFO  factory.BaseClass - Taking screenshot
10:32:39.892 [main] INFO  factory.BaseClass - **************select the Interested in option**************
10:32:40.324 [main] INFO  factory.BaseClass - Taking screenshot
10:32:40.325 [main] INFO  factory.BaseClass - **************user enter the contact number**************
10:32:40.747 [main] INFO  factory.BaseClass - Taking screenshot
10:32:40.748 [main] INFO  factory.BaseClass - **************user enter the email id **************
10:32:41.145 [main] INFO  factory.BaseClass - Taking screenshot
10:32:41.146 [main] INFO  factory.BaseClass - **************Login button should be Disabeld**************
10:32:41.423 [main] INFO  factory.BaseClass - Taking screenshot
10:33:19.484 [main] INFO  factory.BaseClass - Website is opened
10:33:19.485 [main] INFO  factory.BaseClass - **************Click on Corporate Wellness Form**************
10:33:51.641 [main] INFO  factory.BaseClass - Taking screenshot
10:33:51.642 [main] INFO  factory.BaseClass - **************Enter the name**************
10:33:52.015 [main] INFO  factory.BaseClass - Taking screenshot
10:33:52.015 [main] INFO  factory.BaseClass - **************Enter the Organization name**************
10:33:52.344 [main] INFO  factory.BaseClass - Taking screenshot
10:33:52.344 [main] INFO  factory.BaseClass - **************selects the organization size**************
10:33:52.675 [main] INFO  factory.BaseClass - Taking screenshot
10:33:52.676 [main] INFO  factory.BaseClass - **************select the Interested in option**************
10:33:53.117 [main] INFO  factory.BaseClass - Taking screenshot
10:33:53.117 [main] INFO  factory.BaseClass - **************user enter the contact number**************
10:33:53.554 [main] INFO  factory.BaseClass - Taking screenshot
10:33:53.555 [main] INFO  factory.BaseClass - **************user enter the email id **************
10:33:54.018 [main] INFO  factory.BaseClass - Taking screenshot
10:33:54.019 [main] INFO  factory.BaseClass - **************Login button should be enabeld**************
10:35:15.049 [main] INFO  factory.BaseClass - Taking screenshot
11:36:59.350 [main] INFO  factory.BaseClass - Website is opened
11:36:59.448 [main] INFO  factory.BaseClass - ***************Locate the Practo Logo Element*************
11:36:59.894 [main] INFO  factory.BaseClass - Taking screenshot
11:36:59.897 [main] INFO  factory.BaseClass - ***************Validate the Practo Logo is present*************
11:36:59.897 [main] INFO  factory.BaseClass - ***************Locate the Practo Logo Element*************
11:37:01.723 [main] INFO  factory.BaseClass - Taking screenshot
11:37:01.724 [main] INFO  factory.BaseClass - ***************Locate the Login button Element*************
11:37:01.945 [main] INFO  factory.BaseClass - Taking screenshot
11:37:01.946 [main] INFO  factory.BaseClass - ***************Validate the Login button is present*************
11:37:01.946 [main] INFO  factory.BaseClass - ***************Locate the Login button Element*************
11:37:02.292 [main] INFO  factory.BaseClass - Taking screenshot
11:37:02.293 [main] INFO  factory.BaseClass - ***************Locate the Download Element*************
11:37:02.528 [main] INFO  factory.BaseClass - Taking screenshot
11:37:02.529 [main] INFO  factory.BaseClass - **************Validate the download is present**************
11:37:02.529 [main] INFO  factory.BaseClass - ***************Locate the Download Element*************
11:37:02.940 [main] INFO  factory.BaseClass - Taking screenshot
11:37:40.687 [main] INFO  factory.BaseClass - Website is opened
11:37:40.722 [main] INFO  factory.BaseClass - ***************Navigate to Find Doctors page*************
11:38:12.255 [main] INFO  factory.BaseClass - Taking screenshot
11:38:12.256 [main] INFO  factory.BaseClass - ***************Send the value to searchbox*************
11:38:47.792 [main] INFO  factory.BaseClass - Taking screenshot
11:38:47.793 [main] INFO  factory.BaseClass - ***************Validate the Doctors Name*************
11:38:51.597 [main] INFO  factory.BaseClass - Taking screenshot
11:38:51.599 [main] INFO  factory.BaseClass - ***************Valiadate the Book Free option*************
11:38:52.020 [main] INFO  factory.BaseClass - Taking screenshot
11:38:59.860 [main] INFO  factory.BaseClass - Website is opened
11:38:59.887 [main] INFO  factory.BaseClass - ***************Navigate to video Consult page*************
11:39:01.285 [main] INFO  factory.BaseClass - Taking screenshot
11:39:01.286 [main] INFO  factory.BaseClass - ***************Locate the video consult element*************
11:39:01.563 [main] INFO  factory.BaseClass - Taking screenshot
11:39:01.564 [main] INFO  factory.BaseClass - ***************Validate Consult Now button is present*************
11:39:01.564 [main] INFO  factory.BaseClass - ***************Locate the video consult element*************
11:39:01.935 [main] INFO  factory.BaseClass - Taking screenshot
11:39:01.936 [main] INFO  factory.BaseClass - ***************Get all specialities datas*************
11:39:03.084 [main] INFO  factory.BaseClass - Taking screenshot
11:39:03.085 [main] INFO  factory.BaseClass - ***************Validate specialities availability*************
11:39:03.449 [main] INFO  factory.BaseClass - Taking screenshot
11:39:03.450 [main] INFO  factory.BaseClass - ***************Get all Common Health Concern datas and price*************
11:39:03.916 [main] INFO  factory.BaseClass - Taking screenshot
11:39:03.916 [main] INFO  factory.BaseClass - ***************Validate CommonHealthConcern availability*************
11:39:04.275 [main] INFO  factory.BaseClass - Taking screenshot
11:39:04.276 [main] INFO  factory.BaseClass - ***************Get all Offer details*************
11:39:04.622 [main] INFO  factory.BaseClass - Taking screenshot
11:39:04.623 [main] INFO  factory.BaseClass - ***************Validate Consult Offers availability*************
11:39:04.999 [main] INFO  factory.BaseClass - Taking screenshot
11:39:43.034 [main] INFO  factory.BaseClass - Website is opened
11:39:43.060 [main] INFO  factory.BaseClass - ***************Navigate to Surgeries Page*************
11:39:44.929 [main] INFO  factory.BaseClass - Taking screenshot
11:39:44.930 [main] INFO  factory.BaseClass - ***************Get PractoCare Phone number*************
11:39:45.271 [main] INFO  factory.BaseClass - Taking screenshot
11:39:45.272 [main] INFO  factory.BaseClass - ***************Validate the Phone number*************
11:39:45.272 [main] INFO  factory.BaseClass - ***************Get PractoCare Phone number*************
11:39:45.679 [main] INFO  factory.BaseClass - Taking screenshot
11:39:45.680 [main] INFO  factory.BaseClass - ***************Get Popular Surgeries data*************
11:39:48.548 [main] INFO  factory.BaseClass - Taking screenshot
11:39:48.549 [main] INFO  factory.BaseClass - **************Validate the Popular Surgeries**************
11:39:48.907 [main] INFO  factory.BaseClass - Taking screenshot
11:39:48.909 [main] INFO  factory.BaseClass - **************Get Our Departments data**************
11:39:49.365 [main] INFO  factory.BaseClass - Taking screenshot
11:39:49.366 [main] INFO  factory.BaseClass - **************Valiadate the Our Departments**************
11:39:49.676 [main] INFO  factory.BaseClass - Taking screenshot
11:39:49.677 [main] INFO  factory.BaseClass - **************Get the PractoCare Benifits Data**************
11:39:49.920 [main] INFO  factory.BaseClass - Taking screenshot
11:39:49.921 [main] INFO  factory.BaseClass - **************Validate PractoCare Data availability**************
11:39:50.200 [main] INFO  factory.BaseClass - Taking screenshot
11:40:27.981 [main] INFO  factory.BaseClass - Website is opened
11:40:28.013 [main] INFO  factory.BaseClass - **************Select Bangalore city and Search Hospitals**************
11:41:07.493 [main] INFO  factory.BaseClass - Taking screenshot
11:41:07.493 [main] INFO  factory.BaseClass - **************Validate Bangalore city hospitals are displayed**************
11:41:07.723 [main] INFO  factory.BaseClass - Taking screenshot
11:41:07.724 [main] INFO  factory.BaseClass - **************Locate all day opened hospitals element**************
11:41:13.509 [main] INFO  factory.BaseClass - Taking screenshot
11:41:13.509 [main] INFO  factory.BaseClass - **************Validate all day hospitals opened**************
11:41:13.695 [main] INFO  factory.BaseClass - Taking screenshot
11:41:13.696 [main] INFO  factory.BaseClass - **************Get the rating of more than three hospitals**************
11:41:16.893 [main] INFO  factory.BaseClass - Taking screenshot
11:41:16.893 [main] INFO  factory.BaseClass - **************Validate the hospitals more then three of rating**************
11:41:17.077 [main] INFO  factory.BaseClass - Taking screenshot
11:41:17.078 [main] INFO  factory.BaseClass - **************Get the top city hospitals**************
11:41:17.328 [main] INFO  factory.BaseClass - Taking screenshot
11:41:17.329 [main] INFO  factory.BaseClass - **************Validate top city hospitals**************
11:41:17.530 [main] INFO  factory.BaseClass - Taking screenshot
11:41:55.598 [main] INFO  factory.BaseClass - Website is opened
11:41:55.599 [main] INFO  factory.BaseClass - **************Click on Corporate Wellness Form**************
11:42:27.855 [main] INFO  factory.BaseClass - Taking screenshot
11:42:27.856 [main] INFO  factory.BaseClass - **************Enter the name**************
11:42:28.219 [main] INFO  factory.BaseClass - Taking screenshot
11:42:28.219 [main] INFO  factory.BaseClass - **************Enter the Organization name**************
11:42:28.526 [main] INFO  factory.BaseClass - Taking screenshot
