11:42:28.526 [main] INFO  factory.BaseClass - **************selects the organization size**************
11:42:28.867 [main] INFO  factory.BaseClass - Taking screenshot
11:42:28.868 [main] INFO  factory.BaseClass - **************select the Interested in option**************
11:42:29.354 [main] INFO  factory.BaseClass - Taking screenshot
11:42:29.356 [main] INFO  factory.BaseClass - **************user enter the contact number**************
11:42:29.809 [main] INFO  factory.BaseClass - Taking screenshot
11:42:29.811 [main] INFO  factory.BaseClass - **************user enter the email id **************
11:42:30.270 [main] INFO  factory.BaseClass - Taking screenshot
11:42:30.272 [main] INFO  factory.BaseClass - **************Login button should be Disabeld**************
11:42:30.567 [main] INFO  factory.BaseClass - Taking screenshot
11:42:37.519 [main] INFO  factory.BaseClass - Website is opened
11:42:37.521 [main] INFO  factory.BaseClass - **************Click on Corporate Wellness Form**************
11:43:09.705 [main] INFO  factory.BaseClass - Taking screenshot
11:43:09.705 [main] INFO  factory.BaseClass - **************Enter the name**************
11:43:10.065 [main] INFO  factory.BaseClass - Taking screenshot
11:43:10.065 [main] INFO  factory.BaseClass - **************Enter the Organization name**************
11:43:10.441 [main] INFO  factory.BaseClass - Taking screenshot
11:43:10.442 [main] INFO  factory.BaseClass - **************selects the organization size**************
11:43:10.822 [main] INFO  factory.BaseClass - Taking screenshot
11:43:10.823 [main] INFO  factory.BaseClass - **************select the Interested in option**************
11:43:11.238 [main] INFO  factory.BaseClass - Taking screenshot
11:43:11.238 [main] INFO  factory.BaseClass - **************user enter the contact number**************
11:43:11.577 [main] INFO  factory.BaseClass - Taking screenshot
11:43:11.578 [main] INFO  factory.BaseClass - **************user enter the email id **************
11:43:11.955 [main] INFO  factory.BaseClass - Taking screenshot
11:43:11.955 [main] INFO  factory.BaseClass - **************Login button should be Disabeld**************
11:43:12.212 [main] INFO  factory.BaseClass - Taking screenshot
11:43:49.177 [main] INFO  factory.BaseClass - Website is opened
11:43:49.179 [main] INFO  factory.BaseClass - **************Click on Corporate Wellness Form**************
11:43:52.558 [main] INFO  factory.BaseClass - Taking screenshot
11:43:52.559 [main] INFO  factory.BaseClass - **************Enter the name**************
11:43:52.914 [main] INFO  factory.BaseClass - Taking screenshot
11:43:52.914 [main] INFO  factory.BaseClass - **************Enter the Organization name**************
11:43:53.234 [main] INFO  factory.BaseClass - Taking screenshot
11:43:53.234 [main] INFO  factory.BaseClass - **************selects the organization size**************
11:43:53.568 [main] INFO  factory.BaseClass - Taking screenshot
11:43:53.569 [main] INFO  factory.BaseClass - **************select the Interested in option**************
11:43:53.978 [main] INFO  factory.BaseClass - Taking screenshot
11:43:53.979 [main] INFO  factory.BaseClass - **************user enter the contact number**************
11:43:54.329 [main] INFO  factory.BaseClass - Taking screenshot
11:43:54.330 [main] INFO  factory.BaseClass - **************user enter the email id **************
11:43:54.683 [main] INFO  factory.BaseClass - Taking screenshot
11:43:54.683 [main] INFO  factory.BaseClass - **************Login button should be Disabeld**************
11:43:54.961 [main] INFO  factory.BaseClass - Taking screenshot
11:44:32.752 [main] INFO  factory.BaseClass - Website is opened
11:44:32.753 [main] INFO  factory.BaseClass - **************Click on Corporate Wellness Form**************
11:45:06.398 [main] INFO  factory.BaseClass - Taking screenshot
11:45:06.399 [main] INFO  factory.BaseClass - **************Enter the name**************
11:45:06.727 [main] INFO  factory.BaseClass - Taking screenshot
11:45:06.728 [main] INFO  factory.BaseClass - **************Enter the Organization name**************
11:45:07.033 [main] INFO  factory.BaseClass - Taking screenshot
11:45:07.034 [main] INFO  factory.BaseClass - **************selects the organization size**************
11:45:07.415 [main] INFO  factory.BaseClass - Taking screenshot
11:45:07.417 [main] INFO  factory.BaseClass - **************select the Interested in option**************
11:45:07.935 [main] INFO  factory.BaseClass - Taking screenshot
11:45:07.935 [main] INFO  factory.BaseClass - **************user enter the contact number**************
11:45:08.405 [main] INFO  factory.BaseClass - Taking screenshot
11:45:08.405 [main] INFO  factory.BaseClass - **************user enter the email id **************
11:45:08.851 [main] INFO  factory.BaseClass - Taking screenshot
11:45:08.852 [main] INFO  factory.BaseClass - **************Login button should be enabeld**************
11:45:59.260 [main] INFO  factory.BaseClass - Taking screenshot
11:53:00.232 [main] INFO  factory.BaseClass - Website is opened
11:53:00.330 [main] INFO  factory.BaseClass - ***************Locate the Practo Logo Element*************
11:53:00.669 [main] INFO  factory.BaseClass - Taking screenshot
11:53:00.672 [main] INFO  factory.BaseClass - ***************Validate the Practo Logo is present*************
11:53:00.673 [main] INFO  factory.BaseClass - ***************Locate the Practo Logo Element*************
11:53:02.650 [main] INFO  factory.BaseClass - Taking screenshot
11:53:02.652 [main] INFO  factory.BaseClass - ***************Locate the Login button Element*************
11:53:02.970 [main] INFO  factory.BaseClass - Taking screenshot
11:53:02.973 [main] INFO  factory.BaseClass - ***************Validate the Login button is present*************
11:53:02.973 [main] INFO  factory.BaseClass - ***************Locate the Login button Element*************
11:53:03.564 [main] INFO  factory.BaseClass - Taking screenshot
11:53:03.566 [main] INFO  factory.BaseClass - ***************Locate the Download Element*************
11:53:03.952 [main] INFO  factory.BaseClass - Taking screenshot
11:53:03.953 [main] INFO  factory.BaseClass - **************Validate the download is present**************
11:53:03.954 [main] INFO  factory.BaseClass - ***************Locate the Download Element*************
11:53:04.575 [main] INFO  factory.BaseClass - Taking screenshot
11:53:14.619 [main] INFO  factory.BaseClass - Website is opened
11:53:14.650 [main] INFO  factory.BaseClass - ***************Navigate to Find Doctors page*************
11:53:18.067 [main] INFO  factory.BaseClass - Taking screenshot
11:53:18.068 [main] INFO  factory.BaseClass - ***************Send the value to searchbox*************
11:53:24.121 [main] INFO  factory.BaseClass - Taking screenshot
11:53:24.122 [main] INFO  factory.BaseClass - ***************Validate the Doctors Name*************
11:53:27.999 [main] INFO  factory.BaseClass - Taking screenshot
11:53:28.001 [main] INFO  factory.BaseClass - ***************Valiadate the Book Free option*************
11:53:28.597 [main] INFO  factory.BaseClass - Taking screenshot
11:53:38.052 [main] INFO  factory.BaseClass - Website is opened
11:53:38.084 [main] INFO  factory.BaseClass - ***************Navigate to video Consult page*************
11:53:40.293 [main] INFO  factory.BaseClass - Taking screenshot
11:53:40.295 [main] INFO  factory.BaseClass - ***************Locate the video consult element*************
11:53:40.626 [main] INFO  factory.BaseClass - Taking screenshot
11:53:40.627 [main] INFO  factory.BaseClass - ***************Validate Consult Now button is present*************
11:53:40.627 [main] INFO  factory.BaseClass - ***************Locate the video consult element*************
11:53:40.957 [main] INFO  factory.BaseClass - Taking screenshot
11:53:40.957 [main] INFO  factory.BaseClass - ***************Get all specialities datas*************
11:53:42.077 [main] INFO  factory.BaseClass - Taking screenshot
11:53:42.078 [main] INFO  factory.BaseClass - ***************Validate specialities availability*************
11:53:42.398 [main] INFO  factory.BaseClass - Taking screenshot
11:53:42.398 [main] INFO  factory.BaseClass - ***************Get all Common Health Concern datas and price*************
11:53:42.856 [main] INFO  factory.BaseClass - Taking screenshot
11:53:42.856 [main] INFO  factory.BaseClass - ***************Validate CommonHealthConcern availability*************
11:53:43.192 [main] INFO  factory.BaseClass - Taking screenshot
11:53:43.193 [main] INFO  factory.BaseClass - ***************Get all Offer details*************
11:53:43.492 [main] INFO  factory.BaseClass - Taking screenshot
11:53:43.495 [main] INFO  factory.BaseClass - ***************Validate Consult Offers availability*************
11:53:43.861 [main] INFO  factory.BaseClass - Taking screenshot
11:53:51.524 [main] INFO  factory.BaseClass - Website is opened
11:53:51.552 [main] INFO  factory.BaseClass - ***************Navigate to Surgeries Page*************
11:53:53.010 [main] INFO  factory.BaseClass - Taking screenshot
11:53:53.011 [main] INFO  factory.BaseClass - ***************Get PractoCare Phone number*************
11:53:53.409 [main] INFO  factory.BaseClass - Taking screenshot
11:53:53.409 [main] INFO  factory.BaseClass - ***************Validate the Phone number*************
11:53:53.409 [main] INFO  factory.BaseClass - ***************Get PractoCare Phone number*************
11:53:53.834 [main] INFO  factory.BaseClass - Taking screenshot
11:53:53.835 [main] INFO  factory.BaseClass - ***************Get Popular Surgeries data*************
11:53:56.354 [main] INFO  factory.BaseClass - Taking screenshot
11:53:56.355 [main] INFO  factory.BaseClass - **************Validate the Popular Surgeries**************
11:53:56.749 [main] INFO  factory.BaseClass - Taking screenshot
11:53:56.750 [main] INFO  factory.BaseClass - **************Get Our Departments data**************
11:53:57.137 [main] INFO  factory.BaseClass - Taking screenshot
11:53:57.138 [main] INFO  factory.BaseClass - **************Valiadate the Our Departments**************
11:53:57.500 [main] INFO  factory.BaseClass - Taking screenshot
11:53:57.501 [main] INFO  factory.BaseClass - **************Get the PractoCare Benifits Data**************
11:53:57.841 [main] INFO  factory.BaseClass - Taking screenshot
11:53:57.843 [main] INFO  factory.BaseClass - **************Validate PractoCare Data availability**************
11:53:58.164 [main] INFO  factory.BaseClass - Taking screenshot
11:54:47.426 [main] INFO  factory.BaseClass - Website is opened
11:54:47.459 [main] INFO  factory.BaseClass - **************Select Bangalore city and Search Hospitals**************
11:55:40.087 [main] INFO  factory.BaseClass - Taking screenshot
11:55:40.088 [main] INFO  factory.BaseClass - **************Validate Bangalore city hospitals are displayed**************
11:55:40.297 [main] INFO  factory.BaseClass - Taking screenshot
11:55:40.297 [main] INFO  factory.BaseClass - **************Locate all day opened hospitals element**************
11:55:46.379 [main] INFO  factory.BaseClass - Taking screenshot
11:55:46.379 [main] INFO  factory.BaseClass - **************Validate all day hospitals opened**************
11:55:46.634 [main] INFO  factory.BaseClass - Taking screenshot
11:55:46.635 [main] INFO  factory.BaseClass - **************Get the rating of more than three hospitals**************
11:55:50.503 [main] INFO  factory.BaseClass - Taking screenshot
11:55:50.504 [main] INFO  factory.BaseClass - **************Validate the hospitals more then three of rating**************
11:55:50.705 [main] INFO  factory.BaseClass - Taking screenshot
11:55:50.705 [main] INFO  factory.BaseClass - **************Get the top city hospitals**************
11:55:50.986 [main] INFO  factory.BaseClass - Taking screenshot
11:55:50.986 [main] INFO  factory.BaseClass - **************Validate top city hospitals**************
11:55:51.276 [main] INFO  factory.BaseClass - Taking screenshot
11:56:20.050 [main] INFO  factory.BaseClass - Website is opened
11:56:20.051 [main] INFO  factory.BaseClass - **************Click on Corporate Wellness Form**************
11:56:42.122 [main] INFO  factory.BaseClass - Taking screenshot
11:56:42.123 [main] INFO  factory.BaseClass - **************Enter the name**************
11:56:42.456 [main] INFO  factory.BaseClass - Taking screenshot
11:56:42.457 [main] INFO  factory.BaseClass - **************Enter the Organization name**************
11:56:42.780 [main] INFO  factory.BaseClass - Taking screenshot
11:56:42.780 [main] INFO  factory.BaseClass - **************selects the organization size**************
11:56:43.090 [main] INFO  factory.BaseClass - Taking screenshot
11:56:43.090 [main] INFO  factory.BaseClass - **************select the Interested in option**************
11:56:43.529 [main] INFO  factory.BaseClass - Taking screenshot
11:56:43.530 [main] INFO  factory.BaseClass - **************user enter the contact number**************
11:56:43.926 [main] INFO  factory.BaseClass - Taking screenshot
11:56:43.926 [main] INFO  factory.BaseClass - **************user enter the email id **************
11:56:44.321 [main] INFO  factory.BaseClass - Taking screenshot
11:56:44.322 [main] INFO  factory.BaseClass - **************Login button should be Disabeld**************
11:56:44.604 [main] INFO  factory.BaseClass - Taking screenshot
11:56:57.536 [main] INFO  factory.BaseClass - Website is opened
11:56:57.537 [main] INFO  factory.BaseClass - **************Click on Corporate Wellness Form**************
11:57:03.176 [main] INFO  factory.BaseClass - Taking screenshot
11:57:03.177 [main] INFO  factory.BaseClass - **************Enter the name**************
11:57:03.490 [main] INFO  factory.BaseClass - Taking screenshot
11:57:03.490 [main] INFO  factory.BaseClass - **************Enter the Organization name**************
11:57:03.778 [main] INFO  factory.BaseClass - Taking screenshot
11:57:03.779 [main] INFO  factory.BaseClass - **************selects the organization size**************
11:57:04.140 [main] INFO  factory.BaseClass - Taking screenshot
11:57:04.141 [main] INFO  factory.BaseClass - **************select the Interested in option**************
11:57:04.490 [main] INFO  factory.BaseClass - Taking screenshot
11:57:04.490 [main] INFO  factory.BaseClass - **************user enter the contact number**************
11:57:04.890 [main] INFO  factory.BaseClass - Taking screenshot
11:57:04.891 [main] INFO  factory.BaseClass - **************user enter the email id **************
11:57:05.371 [main] INFO  factory.BaseClass - Taking screenshot
11:57:05.371 [main] INFO  factory.BaseClass - **************Login button should be Disabeld**************
11:57:05.643 [main] INFO  factory.BaseClass - Taking screenshot
11:57:13.445 [main] INFO  factory.BaseClass - Website is opened
11:57:13.446 [main] INFO  factory.BaseClass - **************Click on Corporate Wellness Form**************
11:57:19.210 [main] INFO  factory.BaseClass - Taking screenshot
11:57:19.211 [main] INFO  factory.BaseClass - **************Enter the name**************
11:57:19.517 [main] INFO  factory.BaseClass - Taking screenshot
11:57:19.517 [main] INFO  factory.BaseClass - **************Enter the Organization name**************
11:57:19.834 [main] INFO  factory.BaseClass - Taking screenshot
11:57:19.834 [main] INFO  factory.BaseClass - **************selects the organization size**************
11:57:20.220 [main] INFO  factory.BaseClass - Taking screenshot
11:57:20.221 [main] INFO  factory.BaseClass - **************select the Interested in option**************
11:57:20.586 [main] INFO  factory.BaseClass - Taking screenshot
11:57:20.587 [main] INFO  factory.BaseClass - **************user enter the contact number**************
11:57:20.967 [main] INFO  factory.BaseClass - Taking screenshot
11:57:20.967 [main] INFO  factory.BaseClass - **************user enter the email id **************
11:57:21.295 [main] INFO  factory.BaseClass - Taking screenshot
11:57:21.296 [main] INFO  factory.BaseClass - **************Login button should be Disabeld**************
11:57:21.549 [main] INFO  factory.BaseClass - Taking screenshot
11:57:32.789 [main] INFO  factory.BaseClass - Website is opened
11:57:32.790 [main] INFO  factory.BaseClass - **************Click on Corporate Wellness Form**************
11:57:40.190 [main] INFO  factory.BaseClass - Taking screenshot
11:57:40.191 [main] INFO  factory.BaseClass - **************Enter the name**************
11:57:40.805 [main] INFO  factory.BaseClass - Taking screenshot
11:57:40.805 [main] INFO  factory.BaseClass - **************Enter the Organization name**************
11:57:41.263 [main] INFO  factory.BaseClass - Taking screenshot
11:57:41.264 [main] INFO  factory.BaseClass - **************selects the organization size**************
11:57:41.672 [main] INFO  factory.BaseClass - Taking screenshot
11:57:41.673 [main] INFO  factory.BaseClass - **************select the Interested in option**************
11:57:42.092 [main] INFO  factory.BaseClass - Taking screenshot
11:57:42.092 [main] INFO  factory.BaseClass - **************user enter the contact number**************
11:57:42.458 [main] INFO  factory.BaseClass - Taking screenshot
11:57:42.458 [main] INFO  factory.BaseClass - **************user enter the email id **************
11:57:42.870 [main] INFO  factory.BaseClass - Taking screenshot
11:57:42.871 [main] INFO  factory.BaseClass - **************Login button should be enabeld**************
11:58:33.330 [main] INFO  factory.BaseClass - Taking screenshot
14:36:09.132 [main] INFO  factory.BaseClass - Website is opened
14:36:09.205 [main] INFO  factory.BaseClass - ***************Locate the Practo Logo Element*************
14:36:09.447 [main] INFO  factory.BaseClass - Taking screenshot
14:36:09.452 [main] INFO  factory.BaseClass - ***************Validate the Practo Logo is present*************
14:36:09.452 [main] INFO  factory.BaseClass - ***************Locate the Practo Logo Element*************
14:36:11.720 [main] INFO  factory.BaseClass - Taking screenshot
14:36:11.722 [main] INFO  factory.BaseClass - ***************Locate the Login button Element*************
14:36:11.927 [main] INFO  factory.BaseClass - Taking screenshot
14:36:11.931 [main] INFO  factory.BaseClass - ***************Validate the Login button is present*************
14:36:11.931 [main] INFO  factory.BaseClass - ***************Locate the Login button Element*************
14:36:12.476 [main] INFO  factory.BaseClass - Taking screenshot
14:36:12.478 [main] INFO  factory.BaseClass - ***************Locate the Download Element*************
14:36:12.799 [main] INFO  factory.BaseClass - Taking screenshot
14:36:12.801 [main] INFO  factory.BaseClass - **************Validate the download is present**************
14:36:12.801 [main] INFO  factory.BaseClass - ***************Locate the Download Element*************
14:36:13.276 [main] INFO  factory.BaseClass - Taking screenshot
14:36:17.459 [main] INFO  factory.BaseClass - Website is opened
14:36:17.475 [main] INFO  factory.BaseClass - ***************Navigate to Find Doctors page*************
14:36:27.677 [main] INFO  factory.BaseClass - Taking screenshot
14:36:30.173 [main] INFO  factory.BaseClass - Website is opened
14:36:30.177 [main] INFO  factory.BaseClass - ***************Navigate to video Consult page*************
14:36:40.375 [main] INFO  factory.BaseClass - Taking screenshot
14:36:49.104 [main] INFO  factory.BaseClass - Website is opened
14:36:49.109 [main] INFO  factory.BaseClass - ***************Navigate to Surgeries Page*************
14:36:59.301 [main] INFO  factory.BaseClass - Taking screenshot
14:37:04.050 [main] INFO  factory.BaseClass - Website is opened
14:37:04.056 [main] INFO  factory.BaseClass - **************Select Bangalore city and Search Hospitals**************
14:37:15.624 [main] INFO  factory.BaseClass - Taking screenshot
14:37:15.625 [main] INFO  factory.BaseClass - **************Validate Bangalore city hospitals are displayed**************
14:37:15.872 [main] INFO  factory.BaseClass - Taking screenshot
14:37:15.873 [main] INFO  factory.BaseClass - **************Locate all day opened hospitals element**************
14:37:22.327 [main] INFO  factory.BaseClass - Taking screenshot
14:37:22.329 [main] INFO  factory.BaseClass - **************Validate all day hospitals opened**************
14:37:22.574 [main] INFO  factory.BaseClass - Taking screenshot
14:37:22.576 [main] INFO  factory.BaseClass - **************Get the rating of more than three hospitals**************
14:37:27.067 [main] INFO  factory.BaseClass - Taking screenshot
14:37:27.068 [main] INFO  factory.BaseClass - **************Validate the hospitals more then three of rating**************
14:37:27.209 [main] INFO  factory.BaseClass - Taking screenshot
14:37:27.210 [main] INFO  factory.BaseClass - **************Get the top city hospitals**************
14:37:27.524 [main] INFO  factory.BaseClass - Taking screenshot
14:37:27.527 [main] INFO  factory.BaseClass - **************Validate top city hospitals**************
14:37:27.697 [main] INFO  factory.BaseClass - Taking screenshot
14:37:32.457 [main] INFO  factory.BaseClass - Website is opened
14:37:32.461 [main] INFO  factory.BaseClass - **************Click on Corporate Wellness Form**************
14:37:37.397 [main] INFO  factory.BaseClass - Taking screenshot
14:37:37.399 [main] INFO  factory.BaseClass - **************Enter the name**************
14:37:47.656 [main] INFO  factory.BaseClass - Taking screenshot
14:37:54.692 [main] INFO  factory.BaseClass - Website is opened
14:37:54.695 [main] INFO  factory.BaseClass - **************Click on Corporate Wellness Form**************
14:38:54.554 [main] INFO  factory.BaseClass - Taking screenshot
14:38:54.555 [main] INFO  factory.BaseClass - **************Enter the name**************
14:39:04.863 [main] INFO  factory.BaseClass - Taking screenshot
14:39:50.025 [main] INFO  factory.BaseClass - Website is opened
14:39:50.027 [main] INFO  factory.BaseClass - **************Click on Corporate Wellness Form**************
14:40:14.508 [main] INFO  factory.BaseClass - Taking screenshot
14:40:14.509 [main] INFO  factory.BaseClass - **************Enter the name**************
14:40:24.762 [main] INFO  factory.BaseClass - Taking screenshot
14:40:42.956 [main] INFO  factory.BaseClass - Website is opened
14:40:42.958 [main] INFO  factory.BaseClass - **************Click on Corporate Wellness Form**************
14:40:48.446 [main] INFO  factory.BaseClass - Taking screenshot
14:40:48.448 [main] INFO  factory.BaseClass - **************Enter the name**************
14:40:58.799 [main] INFO  factory.BaseClass - Taking screenshot
14:43:51.122 [main] INFO  factory.BaseClass - Website is opened
14:43:51.230 [main] INFO  factory.BaseClass - ***************Locate the Practo Logo Element*************
14:43:51.484 [main] INFO  factory.BaseClass - Taking screenshot
14:43:51.489 [main] INFO  factory.BaseClass - ***************Validate the Practo Logo is present*************
14:43:51.489 [main] INFO  factory.BaseClass - ***************Locate the Practo Logo Element*************
14:43:53.095 [main] INFO  factory.BaseClass - Taking screenshot
14:43:53.098 [main] INFO  factory.BaseClass - ***************Locate the Login button Element*************
14:43:53.310 [main] INFO  factory.BaseClass - Taking screenshot
14:43:53.313 [main] INFO  factory.BaseClass - ***************Validate the Login button is present*************
14:43:53.313 [main] INFO  factory.BaseClass - ***************Locate the Login button Element*************
14:43:53.743 [main] INFO  factory.BaseClass - Taking screenshot
14:43:53.747 [main] INFO  factory.BaseClass - ***************Locate the Download Element*************
14:43:54.045 [main] INFO  factory.BaseClass - Taking screenshot
14:43:54.047 [main] INFO  factory.BaseClass - **************Validate the download is present**************
14:43:54.048 [main] INFO  factory.BaseClass - ***************Locate the Download Element*************
14:43:54.563 [main] INFO  factory.BaseClass - Taking screenshot
14:43:59.388 [main] INFO  factory.BaseClass - Website is opened
14:43:59.402 [main] INFO  factory.BaseClass - ***************Navigate to Find Doctors page*************
14:44:09.671 [main] INFO  factory.BaseClass - Taking screenshot
14:44:15.145 [main] INFO  factory.BaseClass - Website is opened
14:44:15.151 [main] INFO  factory.BaseClass - ***************Navigate to video Consult page*************
14:44:25.348 [main] INFO  factory.BaseClass - Taking screenshot
14:44:29.175 [main] INFO  factory.BaseClass - Website is opened
14:44:29.180 [main] INFO  factory.BaseClass - ***************Navigate to Surgeries Page*************
14:44:39.362 [main] INFO  factory.BaseClass - Taking screenshot
14:44:46.184 [main] INFO  factory.BaseClass - Website is opened
14:44:46.190 [main] INFO  factory.BaseClass - **************Select Bangalore city and Search Hospitals**************
14:45:20.908 [main] INFO  factory.BaseClass - Taking screenshot
14:45:20.909 [main] INFO  factory.BaseClass - **************Validate Bangalore city hospitals are displayed**************
14:45:21.157 [main] INFO  factory.BaseClass - Taking screenshot
14:45:21.159 [main] INFO  factory.BaseClass - **************Locate all day opened hospitals element**************
14:45:27.541 [main] INFO  factory.BaseClass - Taking screenshot
14:45:27.542 [main] INFO  factory.BaseClass - **************Validate all day hospitals opened**************
14:45:27.722 [main] INFO  factory.BaseClass - Taking screenshot
14:45:27.723 [main] INFO  factory.BaseClass - **************Get the rating of more than three hospitals**************
14:45:32.102 [main] INFO  factory.BaseClass - Taking screenshot
14:45:32.103 [main] INFO  factory.BaseClass - **************Validate the hospitals more then three of rating**************
14:45:32.251 [main] INFO  factory.BaseClass - Taking screenshot
14:45:32.253 [main] INFO  factory.BaseClass - **************Get the top city hospitals**************
14:45:32.480 [main] INFO  factory.BaseClass - Taking screenshot
14:45:32.482 [main] INFO  factory.BaseClass - **************Validate top city hospitals**************
14:45:32.612 [main] INFO  factory.BaseClass - Taking screenshot
14:45:37.558 [main] INFO  factory.BaseClass - Website is opened
14:45:37.561 [main] INFO  factory.BaseClass - **************Click on Corporate Wellness Form**************
14:45:45.427 [main] INFO  factory.BaseClass - Taking screenshot
14:45:45.428 [main] INFO  factory.BaseClass - **************Enter the name**************
14:45:55.815 [main] INFO  factory.BaseClass - Taking screenshot
14:46:03.380 [main] INFO  factory.BaseClass - Website is opened
14:46:03.382 [main] INFO  factory.BaseClass - **************Click on Corporate Wellness Form**************
14:46:57.875 [main] INFO  factory.BaseClass - Taking screenshot
14:46:57.876 [main] INFO  factory.BaseClass - **************Enter the name**************
14:47:08.175 [main] INFO  factory.BaseClass - Taking screenshot
14:47:17.933 [main] INFO  factory.BaseClass - Website is opened
14:47:17.934 [main] INFO  factory.BaseClass - **************Click on Corporate Wellness Form**************
14:47:28.552 [main] INFO  factory.BaseClass - Taking screenshot
14:47:28.553 [main] INFO  factory.BaseClass - **************Enter the name**************
14:47:38.814 [main] INFO  factory.BaseClass - Taking screenshot
14:47:50.788 [main] INFO  factory.BaseClass - Website is opened
14:47:50.789 [main] INFO  factory.BaseClass - **************Click on Corporate Wellness Form**************
14:48:01.752 [main] INFO  factory.BaseClass - Taking screenshot
14:48:01.754 [main] INFO  factory.BaseClass - **************Enter the name**************
14:48:12.108 [main] INFO  factory.BaseClass - Taking screenshot
14:49:08.133 [main] INFO  factory.BaseClass - Website is opened
14:49:08.180 [main] INFO  factory.BaseClass - ***************Locate the Practo Logo Element*************
14:49:08.366 [main] INFO  factory.BaseClass - Taking screenshot
14:49:08.369 [main] INFO  factory.BaseClass - ***************Validate the Practo Logo is present*************
14:49:08.370 [main] INFO  factory.BaseClass - ***************Locate the Practo Logo Element*************
14:49:10.139 [main] INFO  factory.BaseClass - Taking screenshot
14:49:10.140 [main] INFO  factory.BaseClass - ***************Locate the Login button Element*************
14:49:10.344 [main] INFO  factory.BaseClass - Taking screenshot
14:49:10.345 [main] INFO  factory.BaseClass - ***************Validate the Login button is present*************
14:49:10.346 [main] INFO  factory.BaseClass - ***************Locate the Login button Element*************
14:49:10.710 [main] INFO  factory.BaseClass - Taking screenshot
14:49:10.712 [main] INFO  factory.BaseClass - ***************Locate the Download Element*************
14:49:10.940 [main] INFO  factory.BaseClass - Taking screenshot
14:49:10.942 [main] INFO  factory.BaseClass - **************Validate the download is present**************
14:49:10.942 [main] INFO  factory.BaseClass - ***************Locate the Download Element*************
14:49:11.283 [main] INFO  factory.BaseClass - Taking screenshot
14:49:16.311 [main] INFO  factory.BaseClass - Website is opened
14:49:16.326 [main] INFO  factory.BaseClass - ***************Navigate to Find Doctors page*************
14:49:26.571 [main] INFO  factory.BaseClass - Taking screenshot
14:49:31.049 [main] INFO  factory.BaseClass - Website is opened
14:49:31.054 [main] INFO  factory.BaseClass - ***************Navigate to video Consult page*************
14:49:41.286 [main] INFO  factory.BaseClass - Taking screenshot
14:49:51.531 [main] INFO  factory.BaseClass - Website is opened
14:49:51.534 [main] INFO  factory.BaseClass - ***************Navigate to Surgeries Page*************
14:50:01.685 [main] INFO  factory.BaseClass - Taking screenshot
14:50:08.769 [main] INFO  factory.BaseClass - Website is opened
14:50:08.775 [main] INFO  factory.BaseClass - **************Select Bangalore city and Search Hospitals**************
14:50:36.757 [main] INFO  factory.BaseClass - Taking screenshot
14:50:36.758 [main] INFO  factory.BaseClass - **************Validate Bangalore city hospitals are displayed**************
14:50:37.004 [main] INFO  factory.BaseClass - Taking screenshot
14:50:37.005 [main] INFO  factory.BaseClass - **************Locate all day opened hospitals element**************
14:50:43.410 [main] INFO  factory.BaseClass - Taking screenshot
14:50:43.411 [main] INFO  factory.BaseClass - **************Validate all day hospitals opened**************
14:50:43.583 [main] INFO  factory.BaseClass - Taking screenshot
14:50:43.585 [main] INFO  factory.BaseClass - **************Get the rating of more than three hospitals**************
14:50:47.800 [main] INFO  factory.BaseClass - Taking screenshot
14:50:47.802 [main] INFO  factory.BaseClass - **************Validate the hospitals more then three of rating**************
14:50:47.934 [main] INFO  factory.BaseClass - Taking screenshot
14:50:47.937 [main] INFO  factory.BaseClass - **************Get the top city hospitals**************
14:50:48.200 [main] INFO  factory.BaseClass - Taking screenshot
14:50:48.201 [main] INFO  factory.BaseClass - **************Validate top city hospitals**************
14:50:48.347 [main] INFO  factory.BaseClass - Taking screenshot
14:50:52.262 [main] INFO  factory.BaseClass - Website is opened
14:50:52.264 [main] INFO  factory.BaseClass - **************Click on Corporate Wellness Form**************
14:50:56.428 [main] INFO  factory.BaseClass - Taking screenshot
14:50:56.430 [main] INFO  factory.BaseClass - **************Enter the name**************
14:51:06.751 [main] INFO  factory.BaseClass - Taking screenshot
14:51:16.700 [main] INFO  factory.BaseClass - Website is opened
14:51:16.702 [main] INFO  factory.BaseClass - **************Click on Corporate Wellness Form**************
14:51:45.522 [main] INFO  factory.BaseClass - Taking screenshot
14:51:45.523 [main] INFO  factory.BaseClass - **************Enter the name**************
14:51:55.796 [main] INFO  factory.BaseClass - Taking screenshot
14:52:01.135 [main] INFO  factory.BaseClass - Website is opened
14:52:01.137 [main] INFO  factory.BaseClass - **************Click on Corporate Wellness Form**************
14:52:12.962 [main] INFO  factory.BaseClass - Taking screenshot
14:52:12.963 [main] INFO  factory.BaseClass - **************Enter the name**************
14:52:23.234 [main] INFO  factory.BaseClass - Taking screenshot
14:52:48.122 [main] INFO  factory.BaseClass - Website is opened
14:52:48.124 [main] INFO  factory.BaseClass - **************Click on Corporate Wellness Form**************
14:53:12.756 [main] INFO  factory.BaseClass - Taking screenshot
14:53:12.757 [main] INFO  factory.BaseClass - **************Enter the name**************
14:53:23.117 [main] INFO  factory.BaseClass - Taking screenshot
14:55:23.997 [main] INFO  factory.BaseClass - Website is opened
14:55:24.059 [main] INFO  factory.BaseClass - ***************Locate the Practo Logo Element*************
14:55:24.245 [main] INFO  factory.BaseClass - Taking screenshot
14:55:24.249 [main] INFO  factory.BaseClass - ***************Validate the Practo Logo is present*************
14:55:24.250 [main] INFO  factory.BaseClass - ***************Locate the Practo Logo Element*************
14:55:25.714 [main] INFO  factory.BaseClass - Taking screenshot
14:55:25.716 [main] INFO  factory.BaseClass - ***************Locate the Login button Element*************
14:55:25.880 [main] INFO  factory.BaseClass - Taking screenshot
14:55:25.883 [main] INFO  factory.BaseClass - ***************Validate the Login button is present*************
14:55:25.883 [main] INFO  factory.BaseClass - ***************Locate the Login button Element*************
14:55:26.237 [main] INFO  factory.BaseClass - Taking screenshot
14:55:26.239 [main] INFO  factory.BaseClass - ***************Locate the Download Element*************
14:55:26.419 [main] INFO  factory.BaseClass - Taking screenshot
14:55:26.420 [main] INFO  factory.BaseClass - **************Validate the download is present**************
14:55:26.421 [main] INFO  factory.BaseClass - ***************Locate the Download Element*************
14:55:26.757 [main] INFO  factory.BaseClass - Taking screenshot
14:55:30.511 [main] INFO  factory.BaseClass - Website is opened
14:55:30.526 [main] INFO  factory.BaseClass - ***************Navigate to Find Doctors page*************
14:55:40.761 [main] INFO  factory.BaseClass - Taking screenshot
14:55:45.598 [main] INFO  factory.BaseClass - Website is opened
14:55:45.604 [main] INFO  factory.BaseClass - ***************Navigate to video Consult page*************
14:55:55.800 [main] INFO  factory.BaseClass - Taking screenshot
14:56:00.153 [main] INFO  factory.BaseClass - Website is opened
14:56:00.158 [main] INFO  factory.BaseClass - ***************Navigate to Surgeries Page*************
14:56:10.367 [main] INFO  factory.BaseClass - Taking screenshot
14:56:14.672 [main] INFO  factory.BaseClass - Website is opened
14:56:14.678 [main] INFO  factory.BaseClass - **************Select Bangalore city and Search Hospitals**************
14:56:24.506 [main] INFO  factory.BaseClass - Taking screenshot
14:56:24.507 [main] INFO  factory.BaseClass - **************Validate Bangalore city hospitals are displayed**************
14:56:24.784 [main] INFO  factory.BaseClass - Taking screenshot
14:56:24.785 [main] INFO  factory.BaseClass - **************Locate all day opened hospitals element**************
14:56:31.429 [main] INFO  factory.BaseClass - Taking screenshot
14:56:31.431 [main] INFO  factory.BaseClass - **************Validate all day hospitals opened**************
14:56:31.627 [main] INFO  factory.BaseClass - Taking screenshot
14:56:31.629 [main] INFO  factory.BaseClass - **************Get the rating of more than three hospitals**************
14:56:36.007 [main] INFO  factory.BaseClass - Taking screenshot
14:56:36.008 [main] INFO  factory.BaseClass - **************Validate the hospitals more then three of rating**************
14:56:36.137 [main] INFO  factory.BaseClass - Taking screenshot
14:56:36.138 [main] INFO  factory.BaseClass - **************Get the top city hospitals**************
14:56:36.373 [main] INFO  factory.BaseClass - Taking screenshot
14:56:36.375 [main] INFO  factory.BaseClass - **************Validate top city hospitals**************
14:56:36.529 [main] INFO  factory.BaseClass - Taking screenshot
14:56:40.964 [main] INFO  factory.BaseClass - Website is opened
14:56:40.967 [main] INFO  factory.BaseClass - **************Click on Corporate Wellness Form**************
14:57:11.576 [main] INFO  factory.BaseClass - Taking screenshot
14:57:11.577 [main] INFO  factory.BaseClass - **************Enter the name**************
14:57:21.861 [main] INFO  factory.BaseClass - Taking screenshot
14:58:09.375 [main] INFO  factory.BaseClass - Website is opened
14:58:09.378 [main] INFO  factory.BaseClass - **************Click on Corporate Wellness Form**************
14:58:33.603 [main] INFO  factory.BaseClass - Taking screenshot
14:58:33.605 [main] INFO  factory.BaseClass - **************Enter the name**************
14:58:43.914 [main] INFO  factory.BaseClass - Taking screenshot
14:58:55.279 [main] INFO  factory.BaseClass - Website is opened
14:58:55.281 [main] INFO  factory.BaseClass - **************Click on Corporate Wellness Form**************
14:58:59.086 [main] INFO  factory.BaseClass - Taking screenshot
14:58:59.087 [main] INFO  factory.BaseClass - **************Enter the name**************
14:59:09.434 [main] INFO  factory.BaseClass - Taking screenshot
14:59:16.862 [main] INFO  factory.BaseClass - Website is opened
14:59:16.864 [main] INFO  factory.BaseClass - **************Click on Corporate Wellness Form**************
14:59:24.040 [main] INFO  factory.BaseClass - Taking screenshot
14:59:24.042 [main] INFO  factory.BaseClass - **************Enter the name**************
14:59:34.293 [main] INFO  factory.BaseClass - Taking screenshot
15:00:06.957 [main] INFO  factory.BaseClass - Website is opened
15:00:07.048 [main] INFO  factory.BaseClass - ***************Locate the Practo Logo Element*************
15:00:07.313 [main] INFO  factory.BaseClass - Taking screenshot
15:00:07.315 [main] INFO  factory.BaseClass - ***************Validate the Practo Logo is present*************
15:00:07.315 [main] INFO  factory.BaseClass - ***************Locate the Practo Logo Element*************
15:00:08.955 [main] INFO  factory.BaseClass - Taking screenshot
15:00:08.956 [main] INFO  factory.BaseClass - ***************Locate the Login button Element*************
15:00:09.182 [main] INFO  factory.BaseClass - Taking screenshot
15:00:09.184 [main] INFO  factory.BaseClass - ***************Validate the Login button is present*************
15:00:09.184 [main] INFO  factory.BaseClass - ***************Locate the Login button Element*************
15:00:09.574 [main] INFO  factory.BaseClass - Taking screenshot
15:00:09.575 [main] INFO  factory.BaseClass - ***************Locate the Download Element*************
15:00:09.852 [main] INFO  factory.BaseClass - Taking screenshot
15:00:09.853 [main] INFO  factory.BaseClass - **************Validate the download is present**************
15:00:09.853 [main] INFO  factory.BaseClass - ***************Locate the Download Element*************
15:00:10.287 [main] INFO  factory.BaseClass - Taking screenshot
15:00:17.942 [main] INFO  factory.BaseClass - Website is opened
15:00:17.988 [main] INFO  factory.BaseClass - ***************Navigate to Find Doctors page*************
15:00:20.447 [main] INFO  factory.BaseClass - Taking screenshot
15:00:20.448 [main] INFO  factory.BaseClass - ***************Send the value to searchbox*************
15:00:26.292 [main] INFO  factory.BaseClass - Taking screenshot
15:00:26.293 [main] INFO  factory.BaseClass - ***************Validate the Doctors Name*************
15:00:29.878 [main] INFO  factory.BaseClass - Taking screenshot
15:00:29.881 [main] INFO  factory.BaseClass - ***************Valiadate the Book Free option*************
15:00:30.371 [main] INFO  factory.BaseClass - Taking screenshot
15:00:38.794 [main] INFO  factory.BaseClass - Website is opened
15:00:38.830 [main] INFO  factory.BaseClass - ***************Navigate to video Consult page*************
15:00:41.242 [main] INFO  factory.BaseClass - Taking screenshot
15:00:41.243 [main] INFO  factory.BaseClass - ***************Locate the video consult element*************
15:00:41.567 [main] INFO  factory.BaseClass - Taking screenshot
15:00:41.568 [main] INFO  factory.BaseClass - ***************Validate Consult Now button is present*************
15:00:41.568 [main] INFO  factory.BaseClass - ***************Locate the video consult element*************
15:00:41.940 [main] INFO  factory.BaseClass - Taking screenshot
15:00:41.941 [main] INFO  factory.BaseClass - ***************Get all specialities datas*************
15:00:43.048 [main] INFO  factory.BaseClass - Taking screenshot
15:00:43.049 [main] INFO  factory.BaseClass - ***************Validate specialities availability*************
15:00:43.391 [main] INFO  factory.BaseClass - Taking screenshot
15:00:43.393 [main] INFO  factory.BaseClass - ***************Get all Common Health Concern datas and price*************
15:00:43.895 [main] INFO  factory.BaseClass - Taking screenshot
15:00:43.896 [main] INFO  factory.BaseClass - ***************Validate CommonHealthConcern availability*************
15:00:44.282 [main] INFO  factory.BaseClass - Taking screenshot
15:00:44.284 [main] INFO  factory.BaseClass - ***************Get all Offer details*************
15:00:44.632 [main] INFO  factory.BaseClass - Taking screenshot
15:00:44.633 [main] INFO  factory.BaseClass - ***************Validate Consult Offers availability*************
15:00:44.967 [main] INFO  factory.BaseClass - Taking screenshot
15:00:52.512 [main] INFO  factory.BaseClass - Website is opened
15:00:52.537 [main] INFO  factory.BaseClass - ***************Navigate to Surgeries Page*************
15:00:54.200 [main] INFO  factory.BaseClass - Taking screenshot
15:00:54.201 [main] INFO  factory.BaseClass - ***************Get PractoCare Phone number*************
15:00:54.693 [main] INFO  factory.BaseClass - Taking screenshot
15:00:54.694 [main] INFO  factory.BaseClass - ***************Validate the Phone number*************
15:00:54.694 [main] INFO  factory.BaseClass - ***************Get PractoCare Phone number*************
15:00:55.242 [main] INFO  factory.BaseClass - Taking screenshot
15:00:55.243 [main] INFO  factory.BaseClass - ***************Get Popular Surgeries data*************
15:00:58.490 [main] INFO  factory.BaseClass - Taking screenshot
15:00:58.492 [main] INFO  factory.BaseClass - **************Validate the Popular Surgeries**************
15:00:58.873 [main] INFO  factory.BaseClass - Taking screenshot
15:00:58.876 [main] INFO  factory.BaseClass - **************Get Our Departments data**************
15:00:59.306 [main] INFO  factory.BaseClass - Taking screenshot
15:00:59.307 [main] INFO  factory.BaseClass - **************Valiadate the Our Departments**************
15:00:59.613 [main] INFO  factory.BaseClass - Taking screenshot
15:00:59.614 [main] INFO  factory.BaseClass - **************Get the PractoCare Benifits Data**************
15:00:59.911 [main] INFO  factory.BaseClass - Taking screenshot
15:00:59.912 [main] INFO  factory.BaseClass - **************Validate PractoCare Data availability**************
15:01:00.203 [main] INFO  factory.BaseClass - Taking screenshot
15:01:08.214 [main] INFO  factory.BaseClass - Website is opened
15:01:08.240 [main] INFO  factory.BaseClass - **************Select Bangalore city and Search Hospitals**************
15:01:27.205 [main] INFO  factory.BaseClass - Taking screenshot
15:01:27.205 [main] INFO  factory.BaseClass - **************Validate Bangalore city hospitals are displayed**************
15:01:27.407 [main] INFO  factory.BaseClass - Taking screenshot
15:01:27.408 [main] INFO  factory.BaseClass - **************Locate all day opened hospitals element**************
15:01:33.799 [main] INFO  factory.BaseClass - Taking screenshot
15:01:33.800 [main] INFO  factory.BaseClass - **************Validate all day hospitals opened**************
15:01:34.074 [main] INFO  factory.BaseClass - Taking screenshot
15:01:34.075 [main] INFO  factory.BaseClass - **************Get the rating of more than three hospitals**************
15:01:37.727 [main] INFO  factory.BaseClass - Taking screenshot
15:01:37.727 [main] INFO  factory.BaseClass - **************Validate the hospitals more then three of rating**************
15:01:37.909 [main] INFO  factory.BaseClass - Taking screenshot
15:01:37.910 [main] INFO  factory.BaseClass - **************Get the top city hospitals**************
15:01:38.151 [main] INFO  factory.BaseClass - Taking screenshot
15:01:38.152 [main] INFO  factory.BaseClass - **************Validate top city hospitals**************
15:01:38.321 [main] INFO  factory.BaseClass - Taking screenshot
15:02:13.705 [main] INFO  factory.BaseClass - Website is opened
15:02:13.706 [main] INFO  factory.BaseClass - **************Click on Corporate Wellness Form**************
15:02:57.253 [main] INFO  factory.BaseClass - Taking screenshot
15:02:57.254 [main] INFO  factory.BaseClass - **************Enter the name**************
15:02:57.583 [main] INFO  factory.BaseClass - Taking screenshot
15:02:57.584 [main] INFO  factory.BaseClass - **************Enter the Organization name**************
15:02:57.874 [main] INFO  factory.BaseClass - Taking screenshot
15:02:57.875 [main] INFO  factory.BaseClass - **************selects the organization size**************
15:02:58.251 [main] INFO  factory.BaseClass - Taking screenshot
15:02:58.251 [main] INFO  factory.BaseClass - **************select the Interested in option**************
15:02:58.606 [main] INFO  factory.BaseClass - Taking screenshot
15:02:58.608 [main] INFO  factory.BaseClass - **************user enter the contact number**************
15:02:59.056 [main] INFO  factory.BaseClass - Taking screenshot
15:02:59.057 [main] INFO  factory.BaseClass - **************user enter the email id **************
15:02:59.488 [main] INFO  factory.BaseClass - Taking screenshot
15:02:59.490 [main] INFO  factory.BaseClass - **************Login button should be Disabeld**************
15:02:59.898 [main] INFO  factory.BaseClass - Taking screenshot
15:03:08.161 [main] INFO  factory.BaseClass - Website is opened
15:03:08.163 [main] INFO  factory.BaseClass - **************Click on Corporate Wellness Form**************
15:03:12.482 [main] INFO  factory.BaseClass - Taking screenshot
15:03:12.483 [main] INFO  factory.BaseClass - **************Enter the name**************
15:03:12.830 [main] INFO  factory.BaseClass - Taking screenshot
15:03:12.831 [main] INFO  factory.BaseClass - **************Enter the Organization name**************
15:03:13.182 [main] INFO  factory.BaseClass - Taking screenshot
15:03:13.183 [main] INFO  factory.BaseClass - **************selects the organization size**************
15:03:13.570 [main] INFO  factory.BaseClass - Taking screenshot
15:03:13.571 [main] INFO  factory.BaseClass - **************select the Interested in option**************
15:03:13.968 [main] INFO  factory.BaseClass - Taking screenshot
15:03:13.968 [main] INFO  factory.BaseClass - **************user enter the contact number**************
15:03:14.323 [main] INFO  factory.BaseClass - Taking screenshot
15:03:14.324 [main] INFO  factory.BaseClass - **************user enter the email id **************
15:03:14.731 [main] INFO  factory.BaseClass - Taking screenshot
15:03:14.732 [main] INFO  factory.BaseClass - **************Login button should be Disabeld**************
15:03:15.018 [main] INFO  factory.BaseClass - Taking screenshot
15:03:22.367 [main] INFO  factory.BaseClass - Website is opened
15:03:22.368 [main] INFO  factory.BaseClass - **************Click on Corporate Wellness Form**************
15:03:26.878 [main] INFO  factory.BaseClass - Taking screenshot
15:03:26.878 [main] INFO  factory.BaseClass - **************Enter the name**************
15:03:27.218 [main] INFO  factory.BaseClass - Taking screenshot
15:03:27.218 [main] INFO  factory.BaseClass - **************Enter the Organization name**************
15:03:27.488 [main] INFO  factory.BaseClass - Taking screenshot
15:03:27.489 [main] INFO  factory.BaseClass - **************selects the organization size**************
15:03:27.850 [main] INFO  factory.BaseClass - Taking screenshot
15:03:27.850 [main] INFO  factory.BaseClass - **************select the Interested in option**************
15:03:28.190 [main] INFO  factory.BaseClass - Taking screenshot
15:03:28.191 [main] INFO  factory.BaseClass - **************user enter the contact number**************
15:03:28.538 [main] INFO  factory.BaseClass - Taking screenshot
15:03:28.539 [main] INFO  factory.BaseClass - **************user enter the email id **************
15:03:28.922 [main] INFO  factory.BaseClass - Taking screenshot
15:03:28.922 [main] INFO  factory.BaseClass - **************Login button should be Disabeld**************
15:03:29.245 [main] INFO  factory.BaseClass - Taking screenshot
15:03:36.952 [main] INFO  factory.BaseClass - Website is opened
15:03:36.953 [main] INFO  factory.BaseClass - **************Click on Corporate Wellness Form**************
